<?xml version="1.0" encoding="UTF-8"?>
<!-- Generated by org.testng.reporters.JUnitXMLReporter -->
<testsuite ignored="0" hostname="PRASHANTH" failures="0" tests="3" name="Test" time="21.476" errors="0" timestamp="2023-07-09T10:04:50 IST">
  <testcase classname="org.techpanda.testscrits.TestMobile" name="testMobileList" time="2.724"/>
  <testcase classname="org.techpanda.testscrits.TestMobile" name="testPrice" time="3.397"/>
  <testcase classname="org.techpanda.testscrits.TestMobile" name="testQtyCart" time="5.253"/>
</testsuite> <!-- Test -->
