<?xml version="1.0" encoding="UTF-8"?>
<testng-results retried="1" ignored="0" total="10" passed="9" failed="0" skipped="0">
  <reporter-output>
    <line>
      <![CDATA[* The maximum quantity allowed for purchase is 500.]]>
    </line>
    <line>
      <![CDATA[You have no items in your shopping cart.]]>
    </line>
    <line>
      <![CDATA[There is already an account with this email address. If you are sure that it is your email address, click here to get your password and access your account.]]>
    </line>
    <line>
      <![CDATA[Thank you for registering with Main Website Store.]]>
    </line>
  </reporter-output>
  <suite started-at="2023-07-19T16:19:49 NPT" name="Suite" finished-at="2023-07-19T16:22:24 NPT" duration-ms="155357">
    <groups>
    </groups>
    <test started-at="2023-07-19T16:19:49 NPT" name="Test" finished-at="2023-07-19T16:22:24 NPT" duration-ms="155357">
      <class name="org.techpanda.testscrits.TestData">
        <test-method signature="printData(java.lang.String,java.lang.String,java.lang.String)[pri:0, instance:org.techpanda.testscrits.TestData@427b5f92]" started-at="2023-07-19T16:21:31 NPT" name="printData" data-provider="ll" finished-at="2023-07-19T16:21:31 NPT" duration-ms="2" status="PASS">
          <params>
            <param index="0">
              <value>
                <![CDATA[a]]>
              </value>
            </param>
            <param index="1">
              <value>
                <![CDATA[b]]>
              </value>
            </param>
            <param index="2">
              <value>
                <![CDATA[c]]>
              </value>
            </param>
          </params>
          <reporter-output>
          </reporter-output>
        </test-method> <!-- printData -->
        <test-method signature="printData(java.lang.String,java.lang.String,java.lang.String)[pri:0, instance:org.techpanda.testscrits.TestData@427b5f92]" started-at="2023-07-19T16:21:32 NPT" name="printData" data-provider="ll" finished-at="2023-07-19T16:21:32 NPT" duration-ms="2" status="PASS">
          <params>
            <param index="0">
              <value>
                <![CDATA[d]]>
              </value>
            </param>
            <param index="1">
              <value>
                <![CDATA[e]]>
              </value>
            </param>
            <param index="2">
              <value>
                <![CDATA[f]]>
              </value>
            </param>
          </params>
          <reporter-output>
          </reporter-output>
        </test-method> <!-- printData -->
        <test-method signature="printData(java.lang.String,java.lang.String,java.lang.String)[pri:0, instance:org.techpanda.testscrits.TestData@427b5f92]" started-at="2023-07-19T16:21:32 NPT" name="printData" data-provider="ll" finished-at="2023-07-19T16:21:32 NPT" duration-ms="3" status="PASS">
          <params>
            <param index="0">
              <value>
                <![CDATA[g]]>
              </value>
            </param>
            <param index="1">
              <value>
                <![CDATA[h]]>
              </value>
            </param>
            <param index="2">
              <value>
                <![CDATA[i]]>
              </value>
            </param>
          </params>
          <reporter-output>
          </reporter-output>
        </test-method> <!-- printData -->
        <test-method signature="printData(java.lang.String,java.lang.String,java.lang.String)[pri:0, instance:org.techpanda.testscrits.TestData@427b5f92]" started-at="2023-07-19T16:21:32 NPT" name="printData" data-provider="ll" finished-at="2023-07-19T16:21:32 NPT" duration-ms="2" status="PASS">
          <params>
            <param index="0">
              <value>
                <![CDATA[j]]>
              </value>
            </param>
            <param index="1">
              <value>
                <![CDATA[k]]>
              </value>
            </param>
            <param index="2">
              <value>
                <![CDATA[l]]>
              </value>
            </param>
          </params>
          <reporter-output>
          </reporter-output>
        </test-method> <!-- printData -->
      </class> <!-- org.techpanda.testscrits.TestData -->
      <class name="org.techpanda.testscrits.TestMobile">
        <test-method is-config="true" signature="enterUrl()[pri:0, instance:org.techpanda.testscrits.TestMobile@2c104774]" started-at="2023-07-19T16:19:51 NPT" name="enterUrl" finished-at="2023-07-19T16:20:47 NPT" duration-ms="56227" status="PASS">
          <reporter-output>
          </reporter-output>
        </test-method> <!-- enterUrl -->
        <test-method signature="testMobileList()[pri:1, instance:org.techpanda.testscrits.TestMobile@2c104774]" started-at="2023-07-19T16:20:47 NPT" name="testMobileList" finished-at="2023-07-19T16:20:57 NPT" duration-ms="10440" status="PASS">
          <reporter-output>
          </reporter-output>
        </test-method> <!-- testMobileList -->
        <test-method signature="testPrice()[pri:2, instance:org.techpanda.testscrits.TestMobile@2c104774]" started-at="2023-07-19T16:20:58 NPT" name="testPrice" finished-at="2023-07-19T16:21:03 NPT" duration-ms="4951" status="PASS">
          <reporter-output>
          </reporter-output>
        </test-method> <!-- testPrice -->
        <test-method signature="testQtyCart()[pri:3, instance:org.techpanda.testscrits.TestMobile@2c104774]" started-at="2023-07-19T16:21:03 NPT" name="testQtyCart" finished-at="2023-07-19T16:21:12 NPT" duration-ms="9942" status="PASS">
          <reporter-output>
            <line>
              <![CDATA[* The maximum quantity allowed for purchase is 500.]]>
            </line>
            <line>
              <![CDATA[You have no items in your shopping cart.]]>
            </line>
          </reporter-output>
        </test-method> <!-- testQtyCart -->
        <test-method signature="testComparision()[pri:4, instance:org.techpanda.testscrits.TestMobile@2c104774]" started-at="2023-07-19T16:21:13 NPT" name="testComparision" finished-at="2023-07-19T16:21:26 NPT" duration-ms="13693" status="PASS">
          <reporter-output>
          </reporter-output>
        </test-method> <!-- testComparision -->
        <test-method is-config="true" signature="closeBrowser()[pri:0, instance:org.techpanda.testscrits.TestMobile@2c104774]" started-at="2023-07-19T16:21:26 NPT" name="closeBrowser" finished-at="2023-07-19T16:21:31 NPT" duration-ms="5132" status="PASS">
          <reporter-output>
          </reporter-output>
        </test-method> <!-- closeBrowser -->
      </class> <!-- org.techpanda.testscrits.TestMobile -->
      <class name="org.techpanda.testscrits.TestCreateAccount">
        <test-method is-config="true" signature="enterUrl()[pri:0, instance:org.techpanda.testscrits.TestCreateAccount@24bdb479]" started-at="2023-07-19T16:21:32 NPT" name="enterUrl" finished-at="2023-07-19T16:21:50 NPT" duration-ms="18133" status="PASS">
          <reporter-output>
          </reporter-output>
        </test-method> <!-- enterUrl -->
        <test-method retried="true" signature="createAccountAndShareWhishList()[pri:1, instance:org.techpanda.testscrits.TestCreateAccount@24bdb479]" started-at="2023-07-19T16:21:50 NPT" name="createAccountAndShareWhishList" finished-at="2023-07-19T16:22:08 NPT" duration-ms="18415" status="SKIP">
          <exception class="org.openqa.selenium.NoSuchElementException">
            <message>
              <![CDATA[Unable to locate element: //span[text()='Share Wishlist']
For documentation on this error, please visit: https://www.seleniumhq.org/exceptions/no_such_element.html
Build info: version: '3.141.59', revision: 'e82be7d358', time: '2018-11-14T08:17:03'
System info: host: 'DELL-PC', ip: '192.168.0.148', os.name: 'Windows 7', os.arch: 'amd64', os.version: '6.1', java.version: '17.0.7'
Driver info: org.openqa.selenium.firefox.FirefoxDriver
Capabilities {acceptInsecureCerts: true, browserName: firefox, browserVersion: 115.0.1, javascriptEnabled: true, moz:accessibilityChecks: false, moz:buildID: 20230706202047, moz:geckodriverVersion: 0.33.0, moz:headless: false, moz:platformVersion: 6.1, moz:processID: 5256, moz:profile: C:\Users\Selenium\AppData\L..., moz:shutdownTimeout: 60000, moz:useNonSpecCompliantPointerOrigin: false, moz:webdriverClick: true, moz:windowless: false, pageLoadStrategy: normal, platform: WINDOWS, platformName: WINDOWS, proxy: Proxy(), setWindowRect: true, strictFileInteractability: false, timeouts: {implicit: 0, pageLoad: 300000, script: 30000}, unhandledPromptBehavior: dismiss and notify}
Session ID: f47e01ae-190c-4d7f-8002-824977c71651
*** Element info: {Using=xpath, value=//span[text()='Share Wishlist']}]]>
            </message>
            <full-stacktrace>
              <![CDATA[org.openqa.selenium.NoSuchElementException: Unable to locate element: //span[text()='Share Wishlist']
For documentation on this error, please visit: https://www.seleniumhq.org/exceptions/no_such_element.html
Build info: version: '3.141.59', revision: 'e82be7d358', time: '2018-11-14T08:17:03'
System info: host: 'DELL-PC', ip: '192.168.0.148', os.name: 'Windows 7', os.arch: 'amd64', os.version: '6.1', java.version: '17.0.7'
Driver info: org.openqa.selenium.firefox.FirefoxDriver
Capabilities {acceptInsecureCerts: true, browserName: firefox, browserVersion: 115.0.1, javascriptEnabled: true, moz:accessibilityChecks: false, moz:buildID: 20230706202047, moz:geckodriverVersion: 0.33.0, moz:headless: false, moz:platformVersion: 6.1, moz:processID: 5256, moz:profile: C:\Users\Selenium\AppData\L..., moz:shutdownTimeout: 60000, moz:useNonSpecCompliantPointerOrigin: false, moz:webdriverClick: true, moz:windowless: false, pageLoadStrategy: normal, platform: WINDOWS, platformName: WINDOWS, proxy: Proxy(), setWindowRect: true, strictFileInteractability: false, timeouts: {implicit: 0, pageLoad: 300000, script: 30000}, unhandledPromptBehavior: dismiss and notify}
Session ID: f47e01ae-190c-4d7f-8002-824977c71651
*** Element info: {Using=xpath, value=//span[text()='Share Wishlist']}
at java.base/jdk.internal.reflect.NativeConstructorAccessorImpl.newInstance0(Native Method)
at java.base/jdk.internal.reflect.NativeConstructorAccessorImpl.newInstance(NativeConstructorAccessorImpl.java:77)
at java.base/jdk.internal.reflect.DelegatingConstructorAccessorImpl.newInstance(DelegatingConstructorAccessorImpl.java:45)
at java.base/java.lang.reflect.Constructor.newInstanceWithCaller(Constructor.java:499)
at java.base/java.lang.reflect.Constructor.newInstance(Constructor.java:480)
at org.openqa.selenium.remote.http.W3CHttpResponseCodec.createException(W3CHttpResponseCodec.java:187)
at org.openqa.selenium.remote.http.W3CHttpResponseCodec.decode(W3CHttpResponseCodec.java:122)
at org.openqa.selenium.remote.http.W3CHttpResponseCodec.decode(W3CHttpResponseCodec.java:49)
at org.openqa.selenium.remote.HttpCommandExecutor.execute(HttpCommandExecutor.java:158)
at org.openqa.selenium.remote.service.DriverCommandExecutor.execute(DriverCommandExecutor.java:83)
at org.openqa.selenium.remote.RemoteWebDriver.execute(RemoteWebDriver.java:552)
at org.openqa.selenium.remote.RemoteWebDriver.findElement(RemoteWebDriver.java:323)
at org.openqa.selenium.remote.RemoteWebDriver.findElementByXPath(RemoteWebDriver.java:428)
at org.openqa.selenium.By$ByXPath.findElement(By.java:353)
at org.openqa.selenium.remote.RemoteWebDriver.findElement(RemoteWebDriver.java:315)
at org.openqa.selenium.support.pagefactory.DefaultElementLocator.findElement(DefaultElementLocator.java:69)
at org.openqa.selenium.support.pagefactory.internal.LocatingElementHandler.invoke(LocatingElementHandler.java:38)
at jdk.proxy2/jdk.proxy2.$Proxy14.click(Unknown Source)
at org.techpanda.pom.TV.shareWhishList(TV.java:40)
at org.techpanda.testscrits.TestCreateAccount.createAccountAndShareWhishList(TestCreateAccount.java:37)
at java.base/jdk.internal.reflect.NativeMethodAccessorImpl.invoke0(Native Method)
at java.base/jdk.internal.reflect.NativeMethodAccessorImpl.invoke(NativeMethodAccessorImpl.java:77)
at java.base/jdk.internal.reflect.DelegatingMethodAccessorImpl.invoke(DelegatingMethodAccessorImpl.java:43)
at java.base/java.lang.reflect.Method.invoke(Method.java:568)
at org.testng.internal.MethodInvocationHelper.invokeMethod(MethodInvocationHelper.java:133)
at org.testng.internal.TestInvoker.invokeMethod(TestInvoker.java:598)
at org.testng.internal.TestInvoker.invokeTestMethod(TestInvoker.java:173)
at org.testng.internal.MethodRunner.runInSequence(MethodRunner.java:46)
at org.testng.internal.TestInvoker$MethodInvocationAgent.invoke(TestInvoker.java:824)
at org.testng.internal.TestInvoker.invokeTestMethods(TestInvoker.java:146)
at org.testng.internal.TestMethodWorker.invokeTestMethods(TestMethodWorker.java:146)
at org.testng.internal.TestMethodWorker.run(TestMethodWorker.java:128)
at java.base/java.util.ArrayList.forEach(ArrayList.java:1511)
at org.testng.TestRunner.privateRun(TestRunner.java:794)
at org.testng.TestRunner.run(TestRunner.java:596)
at org.testng.SuiteRunner.runTest(SuiteRunner.java:377)
at org.testng.SuiteRunner.runSequentially(SuiteRunner.java:371)
at org.testng.SuiteRunner.privateRun(SuiteRunner.java:332)
at org.testng.SuiteRunner.run(SuiteRunner.java:276)
at org.testng.SuiteRunnerWorker.runSuite(SuiteRunnerWorker.java:53)
at org.testng.SuiteRunnerWorker.run(SuiteRunnerWorker.java:96)
at org.testng.TestNG.runSuitesSequentially(TestNG.java:1212)
at org.testng.TestNG.runSuitesLocally(TestNG.java:1134)
at org.testng.TestNG.runSuites(TestNG.java:1063)
at org.testng.TestNG.run(TestNG.java:1031)
at org.testng.remote.AbstractRemoteTestNG.run(AbstractRemoteTestNG.java:115)
at org.testng.remote.RemoteTestNG.initAndRun(RemoteTestNG.java:251)
at org.testng.remote.RemoteTestNG.main(RemoteTestNG.java:77)
]]>
            </full-stacktrace>
          </exception> <!-- org.openqa.selenium.NoSuchElementException -->
          <reporter-output>
            <line>
              <![CDATA[There is already an account with this email address. If you are sure that it is your email address, click here to get your password and access your account.]]>
            </line>
          </reporter-output>
        </test-method> <!-- createAccountAndShareWhishList -->
        <test-method signature="createAccountAndShareWhishList()[pri:1, instance:org.techpanda.testscrits.TestCreateAccount@24bdb479]" started-at="2023-07-19T16:22:08 NPT" name="createAccountAndShareWhishList" finished-at="2023-07-19T16:22:21 NPT" duration-ms="12734" status="PASS">
          <reporter-output>
            <line>
              <![CDATA[Thank you for registering with Main Website Store.]]>
            </line>
          </reporter-output>
        </test-method> <!-- createAccountAndShareWhishList -->
        <test-method is-config="true" signature="closeBrowser()[pri:0, instance:org.techpanda.testscrits.TestCreateAccount@24bdb479]" started-at="2023-07-19T16:22:21 NPT" name="closeBrowser" finished-at="2023-07-19T16:22:24 NPT" duration-ms="3194" status="PASS">
          <reporter-output>
          </reporter-output>
        </test-method> <!-- closeBrowser -->
      </class> <!-- org.techpanda.testscrits.TestCreateAccount -->
    </test> <!-- Test -->
  </suite> <!-- Suite -->
</testng-results>
