<?xml version="1.0" encoding="UTF-8"?>
<!-- Generated by org.testng.reporters.JUnitXMLReporter -->
<testsuite ignored="0" hostname="PRASHANTH" failures="1" tests="4" name="methods" time="23.165" errors="0" timestamp="2023-07-09T12:47:11 IST">
  <testcase classname="org.techpanda.testscrits.TestMobile" name="testComparision" time="0.015"/>
  <testcase classname="org.techpanda.testscrits.TestMobile" name="testMobileList" time="2.85">
    <failure type="java.lang.AssertionError" message="null">
      <![CDATA[java.lang.AssertionError: null
at org.techpanda.testscrits.TestMobile.testMobileList(TestMobile.java:63)
at java.base/java.util.ArrayList.forEach(ArrayList.java:1511)
... Removed 29 stack frames]]>
    </failure>
  </testcase> <!-- testMobileList -->
  <testcase classname="org.techpanda.testscrits.TestMobile" name="testPrice" time="3.399"/>
  <testcase classname="org.techpanda.testscrits.TestMobile" name="testQtyCart" time="5.415"/>
</testsuite> <!-- methods -->
