<?xml version="1.0" encoding="UTF-8"?>
<!-- Generated by org.testng.reporters.JUnitXMLReporter -->
<testsuite ignored="0" hostname="Dell-PC" failures="0" tests="10" name="Test" time="155.357" errors="0" timestamp="2023-07-19T16:22:24 NPT">
  <testcase classname="org.techpanda.testscrits.TestMobile" name="testMobileList" time="10.44"/>
  <testcase classname="org.techpanda.testscrits.TestMobile" name="testPrice" time="4.951"/>
  <testcase classname="org.techpanda.testscrits.TestMobile" name="testQtyCart" time="9.942"/>
  <testcase classname="org.techpanda.testscrits.TestMobile" name="testComparision" time="13.693"/>
  <testcase classname="org.techpanda.testscrits.TestData" name="printData" time="0.002"/>
  <testcase classname="org.techpanda.testscrits.TestData" name="printData" time="0.002"/>
  <testcase classname="org.techpanda.testscrits.TestData" name="printData" time="0.003"/>
  <testcase classname="org.techpanda.testscrits.TestData" name="printData" time="0.002"/>
  <testcase classname="org.techpanda.testscrits.TestCreateAccount" name="createAccountAndShareWhishList" time="18.415">
    <skipped/>
  </testcase> <!-- createAccountAndShareWhishList -->
  <testcase classname="org.techpanda.testscrits.TestCreateAccount" name="createAccountAndShareWhishList" time="12.734"/>
</testsuite> <!-- Test -->
