<?xml version="1.0" encoding="UTF-8"?>
<!-- Generated by org.testng.reporters.JUnitXMLReporter -->
<testsuite ignored="0" hostname="PRASHANTH" failures="0" tests="10" name="Test" time="68.102" errors="0" timestamp="2023-07-11T15:52:19 IST">
  <testcase classname="org.techpanda.testscrits.TestMobile" name="testMobileList" time="3.45"/>
  <testcase classname="org.techpanda.testscrits.TestMobile" name="testPrice" time="4.042"/>
  <testcase classname="org.techpanda.testscrits.TestMobile" name="testQtyCart" time="5.534"/>
  <testcase classname="org.techpanda.testscrits.TestMobile" name="testComparision" time="5.304"/>
  <testcase classname="org.techpanda.testscrits.TestData" name="printData" time="0.0"/>
  <testcase classname="org.techpanda.testscrits.TestData" name="printData" time="0.015"/>
  <testcase classname="org.techpanda.testscrits.TestData" name="printData" time="0.0"/>
  <testcase classname="org.techpanda.testscrits.TestData" name="printData" time="0.0"/>
  <testcase classname="org.techpanda.testscrits.TestCreateAccount" name="createAccountAndShareWhishList" time="16.503">
    <skipped/>
  </testcase> <!-- createAccountAndShareWhishList -->
  <testcase classname="org.techpanda.testscrits.TestCreateAccount" name="createAccountAndShareWhishList" time="9.016"/>
</testsuite> <!-- Test -->
