<?xml version="1.0" encoding="UTF-8"?>
<testsuite xmlns:xsi="http://www.w3.org/2001/XMLSchema-instance" xsi:noNamespaceSchemaLocation="https://maven.apache.org/surefire/maven-surefire-plugin/xsd/surefire-test-report-3.0.xsd" version="3.0" name="TestSuite" time="22.901" tests="3" errors="0" skipped="0" failures="0">
  <properties>
[...]
</properties>
  <testcase name="testMobileList" classname="org.techpanda.testscrits.TestMobile" time="2.725">
    <system-out><![CDATA[Mobile
]]></system-out>
    <system-err><![CDATA[SLF4J: No SLF4J providers were found.
SLF4J: Defaulting to no-operation (NOP) logger implementation
SLF4J: See https://www.slf4j.org/codes.html#noProviders for further details.
1688877268926	geckodriver	INFO	Listening on 127.0.0.1:52984
1688877269226	mozrunner::runner	INFO	Running command: "C:\\Program Files\\Mozilla Firefox\\firefox.exe" "--marionette" "-no-remote" "-profile" "C:\\Users\\PRASHA~1\\AppData\\Local\\Temp\\rust_mozprofilejg4izu"
console.warn: services.settings: Ignoring preference override of remote settings server
console.warn: services.settings: Allow by setting MOZ_REMOTE_SETTINGS_DEVTOOLS=1 in the environment
1688877269864	Marionette	INFO	Marionette enabled
Dynamically enable window occlusion 0
1688877269875	Marionette	INFO	Listening on port 65507
Read port: 65507
1688877270182	RemoteAgent	WARN	TLS certificate errors will be ignored for this session
Jul 09, 2023 10:04:33 AM org.openqa.selenium.remote.ProtocolHandshake createSession
INFO: Detected dialect: W3C
JavaScript error: , line 0: uncaught exception: undefined
JavaScript error: , line 0: uncaught exception: undefined
]]></system-err>
  </testcase>
  <testcase name="testPrice" classname="org.techpanda.testscrits.TestMobile" time="3.393">
    <system-err><![CDATA[JavaScript error: , line 0: uncaught exception: undefined
JavaScript warning: http://live.techpanda.org/js/varien/product.js, line 485: unreachable code after return statement
JavaScript warning: http://live.techpanda.org/js/varien/configurable.js, line 291: unreachable code after return statement
JavaScript warning: http://live.techpanda.org/js/calendar/calendar.js, line 138: unreachable code after return statement
]]></system-err>
  </testcase>
  <testcase name="testQtyCart" classname="org.techpanda.testscrits.TestMobile" time="5.253">
    <system-out><![CDATA[* The maximum quantity allowed for purchase is 500.
]]></system-out>
    <system-err><![CDATA[JavaScript error: , line 0: uncaught exception: undefined
console.warn: LoginRecipes: "Falling back to a synchronous message for: http://live.techpanda.org."
JavaScript error: , line 0: uncaught exception: undefined
JavaScript warning: https://pagead2.googlesyndication.com/bg/oBMhIGozJCmZhanrY2s6Nzm7GdNkvCqEaGjKud4M6yI.js line 2 > eval line 7590 > eval line 1 > eval line 1 > eval, line 1: WEBGL_debug_renderer_info is deprecated in Firefox and will be removed. Please use RENDERER.
]]></system-err>
  </testcase>
</testsuite>